<?xml version="1.0" encoding="UTF-8"?>
<!-- Generated by org.testng.reporters.JUnitReportReporter -->
<testsuite hostname="DESKTOP-5E8HN0C" failures="0" tests="1" name="testCases.LoginTest" time="11.231" errors="0" timestamp="2024-10-01T17:17:28 IST" skipped="0">
  <testcase classname="testCases.LoginTest" name="verify_login" time="11.231"/>
</testsuite> <!-- testCases.LoginTest -->
