<?xml version="1.0" encoding="UTF-8"?>
<!-- Generated by org.testng.reporters.JUnitReportReporter -->
<testsuite hostname="DESKTOP-5E8HN0C" failures="0" tests="1" name="testCases.AccountRegistrationTest" time="3.337" errors="0" timestamp="2024-10-01T17:17:28 IST" skipped="0">
  <testcase classname="testCases.AccountRegistrationTest" name="verify_account_Registration" time="3.337"/>
</testsuite> <!-- testCases.AccountRegistrationTest -->
